<?xml version="1.0" encoding="UTF-8"?>
<testng-results skipped="0" failed="0" ignored="0" total="50" passed="50">
  <reporter-output>
  </reporter-output>
  <suite name="Default suite" duration-ms="851358" started-at="2020-11-18T21:39:25 CST" finished-at="2020-11-18T21:53:37 CST">
    <groups>
    </groups>
    <test name="Default test" duration-ms="851358" started-at="2020-11-18T21:39:25 CST" finished-at="2020-11-18T21:53:37 CST">
      <class name="com.webtest.demo.XinHu">
        <test-method status="PASS" signature="doBeforeClass()[pri:0, instance:com.webtest.demo.XinHu@5e853265]" name="doBeforeClass" is-config="true" duration-ms="9038" started-at="2020-11-18T21:39:25 CST" finished-at="2020-11-18T21:39:34 CST">
          <reporter-output>
          </reporter-output>
        </test-method> <!-- doBeforeClass -->
        <test-method status="PASS" signature="login()[pri:0, instance:com.webtest.demo.XinHu@5e853265]" name="login" is-config="true" duration-ms="8847" started-at="2020-11-18T21:39:34 CST" finished-at="2020-11-18T21:39:43 CST">
          <reporter-output>
          </reporter-output>
        </test-method> <!-- login -->
        <test-method status="PASS" signature="addGroup()[pri:0, instance:com.webtest.demo.XinHu@5e853265]" name="addGroup" duration-ms="10255" started-at="2020-11-18T21:39:43 CST" finished-at="2020-11-18T21:39:53 CST">
          <reporter-output>
          </reporter-output>
        </test-method> <!-- addGroup -->
        <test-method status="PASS" signature="login()[pri:0, instance:com.webtest.demo.XinHu@5e853265]" name="login" is-config="true" duration-ms="5290" started-at="2020-11-18T21:39:53 CST" finished-at="2020-11-18T21:39:59 CST">
          <reporter-output>
          </reporter-output>
        </test-method> <!-- login -->
        <test-method status="PASS" signature="addPerson()[pri:0, instance:com.webtest.demo.XinHu@5e853265]" name="addPerson" duration-ms="15360" started-at="2020-11-18T21:39:59 CST" finished-at="2020-11-18T21:40:14 CST">
          <reporter-output>
          </reporter-output>
        </test-method> <!-- addPerson -->
        <test-method status="PASS" signature="login()[pri:0, instance:com.webtest.demo.XinHu@5e853265]" name="login" is-config="true" duration-ms="5277" started-at="2020-11-18T21:40:14 CST" finished-at="2020-11-18T21:40:19 CST">
          <reporter-output>
          </reporter-output>
        </test-method> <!-- login -->
        <test-method status="PASS" signature="addPic()[pri:0, instance:com.webtest.demo.XinHu@5e853265]" name="addPic" duration-ms="13457" started-at="2020-11-18T21:40:19 CST" finished-at="2020-11-18T21:40:33 CST">
          <reporter-output>
          </reporter-output>
        </test-method> <!-- addPic -->
        <test-method status="PASS" signature="login()[pri:0, instance:com.webtest.demo.XinHu@5e853265]" name="login" is-config="true" duration-ms="5272" started-at="2020-11-18T21:40:33 CST" finished-at="2020-11-18T21:40:38 CST">
          <reporter-output>
          </reporter-output>
        </test-method> <!-- login -->
        <test-method status="PASS" signature="addReport()[pri:0, instance:com.webtest.demo.XinHu@5e853265]" name="addReport" duration-ms="21401" started-at="2020-11-18T21:40:38 CST" finished-at="2020-11-18T21:40:59 CST">
          <reporter-output>
          </reporter-output>
        </test-method> <!-- addReport -->
        <test-method status="PASS" signature="login()[pri:0, instance:com.webtest.demo.XinHu@5e853265]" name="login" is-config="true" duration-ms="5256" started-at="2020-11-18T21:40:59 CST" finished-at="2020-11-18T21:41:05 CST">
          <reporter-output>
          </reporter-output>
        </test-method> <!-- login -->
        <test-method status="PASS" signature="addSchedule()[pri:0, instance:com.webtest.demo.XinHu@5e853265]" name="addSchedule" duration-ms="9858" started-at="2020-11-18T21:41:05 CST" finished-at="2020-11-18T21:41:15 CST">
          <reporter-output>
          </reporter-output>
        </test-method> <!-- addSchedule -->
        <test-method status="PASS" signature="login()[pri:0, instance:com.webtest.demo.XinHu@5e853265]" name="login" is-config="true" duration-ms="5251" started-at="2020-11-18T21:41:15 CST" finished-at="2020-11-18T21:41:20 CST">
          <reporter-output>
          </reporter-output>
        </test-method> <!-- login -->
        <test-method status="PASS" signature="closePage()[pri:0, instance:com.webtest.demo.XinHu@5e853265]" name="closePage" duration-ms="16433" started-at="2020-11-18T21:41:20 CST" finished-at="2020-11-18T21:41:36 CST">
          <reporter-output>
          </reporter-output>
        </test-method> <!-- closePage -->
        <test-method status="PASS" signature="login()[pri:0, instance:com.webtest.demo.XinHu@5e853265]" name="login" is-config="true" duration-ms="5237" started-at="2020-11-18T21:41:36 CST" finished-at="2020-11-18T21:41:41 CST">
          <reporter-output>
          </reporter-output>
        </test-method> <!-- login -->
        <test-method status="PASS" signature="commentInfo()[pri:0, instance:com.webtest.demo.XinHu@5e853265]" name="commentInfo" duration-ms="13400" started-at="2020-11-18T21:41:41 CST" finished-at="2020-11-18T21:41:55 CST">
          <reporter-output>
          </reporter-output>
        </test-method> <!-- commentInfo -->
        <test-method status="PASS" signature="login()[pri:0, instance:com.webtest.demo.XinHu@5e853265]" name="login" is-config="true" duration-ms="5252" started-at="2020-11-18T21:41:55 CST" finished-at="2020-11-18T21:42:00 CST">
          <reporter-output>
          </reporter-output>
        </test-method> <!-- login -->
        <test-method status="PASS" signature="commentNotice()[pri:0, instance:com.webtest.demo.XinHu@5e853265]" name="commentNotice" duration-ms="10127" started-at="2020-11-18T21:42:00 CST" finished-at="2020-11-18T21:42:10 CST">
          <reporter-output>
          </reporter-output>
        </test-method> <!-- commentNotice -->
        <test-method status="PASS" signature="login()[pri:0, instance:com.webtest.demo.XinHu@5e853265]" name="login" is-config="true" duration-ms="5242" started-at="2020-11-18T21:42:10 CST" finished-at="2020-11-18T21:42:16 CST">
          <reporter-output>
          </reporter-output>
        </test-method> <!-- login -->
        <test-method status="PASS" signature="commentReport()[pri:0, instance:com.webtest.demo.XinHu@5e853265]" name="commentReport" duration-ms="16374" started-at="2020-11-18T21:42:16 CST" finished-at="2020-11-18T21:42:32 CST">
          <reporter-output>
          </reporter-output>
        </test-method> <!-- commentReport -->
        <test-method status="PASS" signature="login()[pri:0, instance:com.webtest.demo.XinHu@5e853265]" name="login" is-config="true" duration-ms="5244" started-at="2020-11-18T21:42:32 CST" finished-at="2020-11-18T21:42:37 CST">
          <reporter-output>
          </reporter-output>
        </test-method> <!-- login -->
        <test-method status="PASS" signature="commentSchedule()[pri:0, instance:com.webtest.demo.XinHu@5e853265]" name="commentSchedule" duration-ms="13345" started-at="2020-11-18T21:42:37 CST" finished-at="2020-11-18T21:42:50 CST">
          <reporter-output>
          </reporter-output>
        </test-method> <!-- commentSchedule -->
        <test-method status="PASS" signature="login()[pri:0, instance:com.webtest.demo.XinHu@5e853265]" name="login" is-config="true" duration-ms="5228" started-at="2020-11-18T21:42:50 CST" finished-at="2020-11-18T21:42:56 CST">
          <reporter-output>
          </reporter-output>
        </test-method> <!-- login -->
        <test-method status="PASS" signature="deleteFile()[pri:0, instance:com.webtest.demo.XinHu@5e853265]" name="deleteFile" duration-ms="12303" started-at="2020-11-18T21:42:56 CST" finished-at="2020-11-18T21:43:08 CST">
          <reporter-output>
          </reporter-output>
        </test-method> <!-- deleteFile -->
        <test-method status="PASS" signature="login()[pri:0, instance:com.webtest.demo.XinHu@5e853265]" name="login" is-config="true" duration-ms="5249" started-at="2020-11-18T21:43:08 CST" finished-at="2020-11-18T21:43:13 CST">
          <reporter-output>
          </reporter-output>
        </test-method> <!-- login -->
        <test-method status="PASS" signature="deleteGroup()[pri:0, instance:com.webtest.demo.XinHu@5e853265]" name="deleteGroup" duration-ms="11249" started-at="2020-11-18T21:43:13 CST" finished-at="2020-11-18T21:43:25 CST">
          <reporter-output>
          </reporter-output>
        </test-method> <!-- deleteGroup -->
        <test-method status="PASS" signature="login()[pri:0, instance:com.webtest.demo.XinHu@5e853265]" name="login" is-config="true" duration-ms="5237" started-at="2020-11-18T21:43:25 CST" finished-at="2020-11-18T21:43:30 CST">
          <reporter-output>
          </reporter-output>
        </test-method> <!-- login -->
        <test-method status="PASS" signature="deleteNotice()[pri:0, instance:com.webtest.demo.XinHu@5e853265]" name="deleteNotice" duration-ms="10087" started-at="2020-11-18T21:43:30 CST" finished-at="2020-11-18T21:43:40 CST">
          <reporter-output>
          </reporter-output>
        </test-method> <!-- deleteNotice -->
        <test-method status="PASS" signature="login()[pri:0, instance:com.webtest.demo.XinHu@5e853265]" name="login" is-config="true" duration-ms="5249" started-at="2020-11-18T21:43:40 CST" finished-at="2020-11-18T21:43:45 CST">
          <reporter-output>
          </reporter-output>
        </test-method> <!-- login -->
        <test-method status="PASS" signature="deleteRelation()[pri:0, instance:com.webtest.demo.XinHu@5e853265]" name="deleteRelation" duration-ms="10340" started-at="2020-11-18T21:43:45 CST" finished-at="2020-11-18T21:43:55 CST">
          <reporter-output>
          </reporter-output>
        </test-method> <!-- deleteRelation -->
        <test-method status="PASS" signature="login()[pri:0, instance:com.webtest.demo.XinHu@5e853265]" name="login" is-config="true" duration-ms="5257" started-at="2020-11-18T21:43:55 CST" finished-at="2020-11-18T21:44:01 CST">
          <reporter-output>
          </reporter-output>
        </test-method> <!-- login -->
        <test-method status="PASS" signature="deleteSchedule()[pri:0, instance:com.webtest.demo.XinHu@5e853265]" name="deleteSchedule" duration-ms="13309" started-at="2020-11-18T21:44:01 CST" finished-at="2020-11-18T21:44:14 CST">
          <reporter-output>
          </reporter-output>
        </test-method> <!-- deleteSchedule -->
        <test-method status="PASS" signature="login()[pri:0, instance:com.webtest.demo.XinHu@5e853265]" name="login" is-config="true" duration-ms="5250" started-at="2020-11-18T21:44:14 CST" finished-at="2020-11-18T21:44:19 CST">
          <reporter-output>
          </reporter-output>
        </test-method> <!-- login -->
        <test-method status="PASS" signature="deleteWork()[pri:0, instance:com.webtest.demo.XinHu@5e853265]" name="deleteWork" duration-ms="13345" started-at="2020-11-18T21:44:19 CST" finished-at="2020-11-18T21:44:33 CST">
          <reporter-output>
          </reporter-output>
        </test-method> <!-- deleteWork -->
        <test-method status="PASS" signature="login()[pri:0, instance:com.webtest.demo.XinHu@5e853265]" name="login" is-config="true" duration-ms="5232" started-at="2020-11-18T21:44:33 CST" finished-at="2020-11-18T21:44:38 CST">
          <reporter-output>
          </reporter-output>
        </test-method> <!-- login -->
        <test-method status="PASS" signature="editGroup()[pri:0, instance:com.webtest.demo.XinHu@5e853265]" name="editGroup" duration-ms="7409" started-at="2020-11-18T21:44:38 CST" finished-at="2020-11-18T21:44:45 CST">
          <reporter-output>
          </reporter-output>
        </test-method> <!-- editGroup -->
        <test-method status="PASS" signature="login()[pri:0, instance:com.webtest.demo.XinHu@5e853265]" name="login" is-config="true" duration-ms="5287" started-at="2020-11-18T21:44:45 CST" finished-at="2020-11-18T21:44:51 CST">
          <reporter-output>
          </reporter-output>
        </test-method> <!-- login -->
        <test-method status="PASS" signature="editInfo()[pri:0, instance:com.webtest.demo.XinHu@5e853265]" name="editInfo" duration-ms="17398" started-at="2020-11-18T21:44:51 CST" finished-at="2020-11-18T21:45:08 CST">
          <reporter-output>
          </reporter-output>
        </test-method> <!-- editInfo -->
        <test-method status="PASS" signature="login()[pri:0, instance:com.webtest.demo.XinHu@5e853265]" name="login" is-config="true" duration-ms="5239" started-at="2020-11-18T21:45:08 CST" finished-at="2020-11-18T21:45:13 CST">
          <reporter-output>
          </reporter-output>
        </test-method> <!-- login -->
        <test-method status="PASS" signature="editSchedule()[pri:0, instance:com.webtest.demo.XinHu@5e853265]" name="editSchedule" duration-ms="16337" started-at="2020-11-18T21:45:13 CST" finished-at="2020-11-18T21:45:30 CST">
          <reporter-output>
          </reporter-output>
        </test-method> <!-- editSchedule -->
        <test-method status="PASS" signature="login()[pri:0, instance:com.webtest.demo.XinHu@5e853265]" name="login" is-config="true" duration-ms="5238" started-at="2020-11-18T21:45:30 CST" finished-at="2020-11-18T21:45:35 CST">
          <reporter-output>
          </reporter-output>
        </test-method> <!-- login -->
        <test-method status="PASS" signature="exportAllNotice()[pri:0, instance:com.webtest.demo.XinHu@5e853265]" name="exportAllNotice" duration-ms="6810" started-at="2020-11-18T21:45:35 CST" finished-at="2020-11-18T21:45:42 CST">
          <reporter-output>
          </reporter-output>
        </test-method> <!-- exportAllNotice -->
        <test-method status="PASS" signature="login()[pri:0, instance:com.webtest.demo.XinHu@5e853265]" name="login" is-config="true" duration-ms="5232" started-at="2020-11-18T21:45:42 CST" finished-at="2020-11-18T21:45:47 CST">
          <reporter-output>
          </reporter-output>
        </test-method> <!-- login -->
        <test-method status="PASS" signature="exportAllSchedule()[pri:0, instance:com.webtest.demo.XinHu@5e853265]" name="exportAllSchedule" duration-ms="10026" started-at="2020-11-18T21:45:47 CST" finished-at="2020-11-18T21:45:57 CST">
          <reporter-output>
          </reporter-output>
        </test-method> <!-- exportAllSchedule -->
        <test-method status="PASS" signature="login()[pri:0, instance:com.webtest.demo.XinHu@5e853265]" name="login" is-config="true" duration-ms="5224" started-at="2020-11-18T21:45:57 CST" finished-at="2020-11-18T21:46:02 CST">
          <reporter-output>
          </reporter-output>
        </test-method> <!-- login -->
        <test-method status="PASS" signature="exportAllSub()[pri:0, instance:com.webtest.demo.XinHu@5e853265]" name="exportAllSub" duration-ms="9840" started-at="2020-11-18T21:46:02 CST" finished-at="2020-11-18T21:46:12 CST">
          <reporter-output>
          </reporter-output>
        </test-method> <!-- exportAllSub -->
        <test-method status="PASS" signature="login()[pri:0, instance:com.webtest.demo.XinHu@5e853265]" name="login" is-config="true" duration-ms="5233" started-at="2020-11-18T21:46:12 CST" finished-at="2020-11-18T21:46:17 CST">
          <reporter-output>
          </reporter-output>
        </test-method> <!-- login -->
        <test-method status="PASS" signature="exportSchedule()[pri:0, instance:com.webtest.demo.XinHu@5e853265]" name="exportSchedule" duration-ms="3568" started-at="2020-11-18T21:46:17 CST" finished-at="2020-11-18T21:46:21 CST">
          <reporter-output>
          </reporter-output>
        </test-method> <!-- exportSchedule -->
        <test-method status="PASS" signature="login()[pri:0, instance:com.webtest.demo.XinHu@5e853265]" name="login" is-config="true" duration-ms="5259" started-at="2020-11-18T21:46:21 CST" finished-at="2020-11-18T21:46:26 CST">
          <reporter-output>
          </reporter-output>
        </test-method> <!-- login -->
        <test-method status="PASS" signature="exportThisPageNotice()[pri:0, instance:com.webtest.demo.XinHu@5e853265]" name="exportThisPageNotice" duration-ms="6806" started-at="2020-11-18T21:46:26 CST" finished-at="2020-11-18T21:46:33 CST">
          <reporter-output>
          </reporter-output>
        </test-method> <!-- exportThisPageNotice -->
        <test-method status="PASS" signature="login()[pri:0, instance:com.webtest.demo.XinHu@5e853265]" name="login" is-config="true" duration-ms="5235" started-at="2020-11-18T21:46:33 CST" finished-at="2020-11-18T21:46:38 CST">
          <reporter-output>
          </reporter-output>
        </test-method> <!-- login -->
        <test-method status="PASS" signature="exportThisPageSchedule()[pri:0, instance:com.webtest.demo.XinHu@5e853265]" name="exportThisPageSchedule" duration-ms="10048" started-at="2020-11-18T21:46:38 CST" finished-at="2020-11-18T21:46:48 CST">
          <reporter-output>
          </reporter-output>
        </test-method> <!-- exportThisPageSchedule -->
        <test-method status="PASS" signature="login()[pri:0, instance:com.webtest.demo.XinHu@5e853265]" name="login" is-config="true" duration-ms="5230" started-at="2020-11-18T21:46:48 CST" finished-at="2020-11-18T21:46:53 CST">
          <reporter-output>
          </reporter-output>
        </test-method> <!-- login -->
        <test-method status="PASS" signature="exportThisPageSub()[pri:0, instance:com.webtest.demo.XinHu@5e853265]" name="exportThisPageSub" duration-ms="9832" started-at="2020-11-18T21:46:53 CST" finished-at="2020-11-18T21:47:03 CST">
          <reporter-output>
          </reporter-output>
        </test-method> <!-- exportThisPageSub -->
        <test-method status="PASS" signature="login()[pri:0, instance:com.webtest.demo.XinHu@5e853265]" name="login" is-config="true" duration-ms="5235" started-at="2020-11-18T21:47:03 CST" finished-at="2020-11-18T21:47:08 CST">
          <reporter-output>
          </reporter-output>
        </test-method> <!-- login -->
        <test-method status="PASS" signature="lookDetails()[pri:0, instance:com.webtest.demo.XinHu@5e853265]" name="lookDetails" duration-ms="10091" started-at="2020-11-18T21:47:08 CST" finished-at="2020-11-18T21:47:18 CST">
          <reporter-output>
          </reporter-output>
        </test-method> <!-- lookDetails -->
        <test-method status="PASS" signature="login()[pri:0, instance:com.webtest.demo.XinHu@5e853265]" name="login" is-config="true" duration-ms="5256" started-at="2020-11-18T21:47:18 CST" finished-at="2020-11-18T21:47:24 CST">
          <reporter-output>
          </reporter-output>
        </test-method> <!-- login -->
        <test-method status="PASS" signature="lookDetailsNewWindow()[pri:0, instance:com.webtest.demo.XinHu@5e853265]" name="lookDetailsNewWindow" duration-ms="9366" started-at="2020-11-18T21:47:24 CST" finished-at="2020-11-18T21:47:33 CST">
          <reporter-output>
          </reporter-output>
        </test-method> <!-- lookDetailsNewWindow -->
        <test-method status="PASS" signature="login()[pri:0, instance:com.webtest.demo.XinHu@5e853265]" name="login" is-config="true" duration-ms="5231" started-at="2020-11-18T21:47:33 CST" finished-at="2020-11-18T21:47:38 CST">
          <reporter-output>
          </reporter-output>
        </test-method> <!-- login -->
        <test-method status="PASS" signature="lookMoneyDetails()[pri:0, instance:com.webtest.demo.XinHu@5e853265]" name="lookMoneyDetails" duration-ms="10128" started-at="2020-11-18T21:47:38 CST" finished-at="2020-11-18T21:47:48 CST">
          <reporter-output>
          </reporter-output>
        </test-method> <!-- lookMoneyDetails -->
        <test-method status="PASS" signature="login()[pri:0, instance:com.webtest.demo.XinHu@5e853265]" name="login" is-config="true" duration-ms="5264" started-at="2020-11-18T21:47:48 CST" finished-at="2020-11-18T21:47:54 CST">
          <reporter-output>
          </reporter-output>
        </test-method> <!-- login -->
        <test-method status="PASS" signature="lookNotice()[pri:0, instance:com.webtest.demo.XinHu@5e853265]" name="lookNotice" duration-ms="9873" started-at="2020-11-18T21:47:54 CST" finished-at="2020-11-18T21:48:04 CST">
          <reporter-output>
          </reporter-output>
        </test-method> <!-- lookNotice -->
        <test-method status="PASS" signature="login()[pri:0, instance:com.webtest.demo.XinHu@5e853265]" name="login" is-config="true" duration-ms="5255" started-at="2020-11-18T21:48:04 CST" finished-at="2020-11-18T21:48:09 CST">
          <reporter-output>
          </reporter-output>
        </test-method> <!-- login -->
        <test-method status="PASS" signature="lookNoticeNewWindow()[pri:0, instance:com.webtest.demo.XinHu@5e853265]" name="lookNoticeNewWindow" duration-ms="9090" started-at="2020-11-18T21:48:09 CST" finished-at="2020-11-18T21:48:18 CST">
          <reporter-output>
          </reporter-output>
        </test-method> <!-- lookNoticeNewWindow -->
        <test-method status="PASS" signature="login()[pri:0, instance:com.webtest.demo.XinHu@5e853265]" name="login" is-config="true" duration-ms="5238" started-at="2020-11-18T21:48:18 CST" finished-at="2020-11-18T21:48:23 CST">
          <reporter-output>
          </reporter-output>
        </test-method> <!-- login -->
        <test-method status="PASS" signature="lookReportDetails()[pri:0, instance:com.webtest.demo.XinHu@5e853265]" name="lookReportDetails" duration-ms="16117" started-at="2020-11-18T21:48:23 CST" finished-at="2020-11-18T21:48:39 CST">
          <reporter-output>
          </reporter-output>
        </test-method> <!-- lookReportDetails -->
        <test-method status="PASS" signature="login()[pri:0, instance:com.webtest.demo.XinHu@5e853265]" name="login" is-config="true" duration-ms="5251" started-at="2020-11-18T21:48:39 CST" finished-at="2020-11-18T21:48:45 CST">
          <reporter-output>
          </reporter-output>
        </test-method> <!-- login -->
        <test-method status="PASS" signature="lookReportDetailsNewWindow()[pri:0, instance:com.webtest.demo.XinHu@5e853265]" name="lookReportDetailsNewWindow" duration-ms="15329" started-at="2020-11-18T21:48:45 CST" finished-at="2020-11-18T21:49:00 CST">
          <reporter-output>
          </reporter-output>
        </test-method> <!-- lookReportDetailsNewWindow -->
        <test-method status="PASS" signature="login()[pri:0, instance:com.webtest.demo.XinHu@5e853265]" name="login" is-config="true" duration-ms="5263" started-at="2020-11-18T21:49:00 CST" finished-at="2020-11-18T21:49:05 CST">
          <reporter-output>
          </reporter-output>
        </test-method> <!-- login -->
        <test-method status="PASS" signature="lookScheduleDetails()[pri:0, instance:com.webtest.demo.XinHu@5e853265]" name="lookScheduleDetails" duration-ms="13119" started-at="2020-11-18T21:49:05 CST" finished-at="2020-11-18T21:49:18 CST">
          <reporter-output>
          </reporter-output>
        </test-method> <!-- lookScheduleDetails -->
        <test-method status="PASS" signature="login()[pri:0, instance:com.webtest.demo.XinHu@5e853265]" name="login" is-config="true" duration-ms="5234" started-at="2020-11-18T21:49:18 CST" finished-at="2020-11-18T21:49:23 CST">
          <reporter-output>
          </reporter-output>
        </test-method> <!-- login -->
        <test-method status="PASS" signature="lookScheduleDetailsNewWindow()[pri:0, instance:com.webtest.demo.XinHu@5e853265]" name="lookScheduleDetailsNewWindow" duration-ms="10353" started-at="2020-11-18T21:49:23 CST" finished-at="2020-11-18T21:49:34 CST">
          <reporter-output>
          </reporter-output>
        </test-method> <!-- lookScheduleDetailsNewWindow -->
        <test-method status="PASS" signature="login()[pri:0, instance:com.webtest.demo.XinHu@5e853265]" name="login" is-config="true" duration-ms="5256" started-at="2020-11-18T21:49:34 CST" finished-at="2020-11-18T21:49:39 CST">
          <reporter-output>
          </reporter-output>
        </test-method> <!-- login -->
        <test-method status="PASS" signature="refreshGroup()[pri:0, instance:com.webtest.demo.XinHu@5e853265]" name="refreshGroup" duration-ms="6771" started-at="2020-11-18T21:49:39 CST" finished-at="2020-11-18T21:49:46 CST">
          <reporter-output>
          </reporter-output>
        </test-method> <!-- refreshGroup -->
        <test-method status="PASS" signature="login()[pri:0, instance:com.webtest.demo.XinHu@5e853265]" name="login" is-config="true" duration-ms="5249" started-at="2020-11-18T21:49:46 CST" finished-at="2020-11-18T21:49:51 CST">
          <reporter-output>
          </reporter-output>
        </test-method> <!-- login -->
        <test-method status="PASS" signature="refreshPage()[pri:0, instance:com.webtest.demo.XinHu@5e853265]" name="refreshPage" duration-ms="3813" started-at="2020-11-18T21:49:51 CST" finished-at="2020-11-18T21:49:55 CST">
          <reporter-output>
          </reporter-output>
        </test-method> <!-- refreshPage -->
        <test-method status="PASS" signature="login()[pri:0, instance:com.webtest.demo.XinHu@5e853265]" name="login" is-config="true" duration-ms="5255" started-at="2020-11-18T21:49:55 CST" finished-at="2020-11-18T21:50:00 CST">
          <reporter-output>
          </reporter-output>
        </test-method> <!-- login -->
        <test-method status="PASS" signature="refreshPage1()[pri:0, instance:com.webtest.demo.XinHu@5e853265]" name="refreshPage1" duration-ms="16549" started-at="2020-11-18T21:50:00 CST" finished-at="2020-11-18T21:50:17 CST">
          <reporter-output>
          </reporter-output>
        </test-method> <!-- refreshPage1 -->
        <test-method status="PASS" signature="login()[pri:0, instance:com.webtest.demo.XinHu@5e853265]" name="login" is-config="true" duration-ms="5237" started-at="2020-11-18T21:50:17 CST" finished-at="2020-11-18T21:50:22 CST">
          <reporter-output>
          </reporter-output>
        </test-method> <!-- login -->
        <test-method status="PASS" signature="sayReport()[pri:0, instance:com.webtest.demo.XinHu@5e853265]" name="sayReport" duration-ms="16403" started-at="2020-11-18T21:50:22 CST" finished-at="2020-11-18T21:50:38 CST">
          <reporter-output>
          </reporter-output>
        </test-method> <!-- sayReport -->
        <test-method status="PASS" signature="login()[pri:0, instance:com.webtest.demo.XinHu@5e853265]" name="login" is-config="true" duration-ms="5227" started-at="2020-11-18T21:50:38 CST" finished-at="2020-11-18T21:50:44 CST">
          <reporter-output>
          </reporter-output>
        </test-method> <!-- login -->
        <test-method status="PASS" signature="seachInfo()[pri:0, instance:com.webtest.demo.XinHu@5e853265]" name="seachInfo" duration-ms="6863" started-at="2020-11-18T21:50:44 CST" finished-at="2020-11-18T21:50:50 CST">
          <reporter-output>
          </reporter-output>
        </test-method> <!-- seachInfo -->
        <test-method status="PASS" signature="login()[pri:0, instance:com.webtest.demo.XinHu@5e853265]" name="login" is-config="true" duration-ms="5219" started-at="2020-11-18T21:50:50 CST" finished-at="2020-11-18T21:50:56 CST">
          <reporter-output>
          </reporter-output>
        </test-method> <!-- login -->
        <test-method status="PASS" signature="searchFile()[pri:0, instance:com.webtest.demo.XinHu@5e853265]" name="searchFile" duration-ms="5815" started-at="2020-11-18T21:50:56 CST" finished-at="2020-11-18T21:51:01 CST">
          <reporter-output>
          </reporter-output>
        </test-method> <!-- searchFile -->
        <test-method status="PASS" signature="login()[pri:0, instance:com.webtest.demo.XinHu@5e853265]" name="login" is-config="true" duration-ms="5232" started-at="2020-11-18T21:51:01 CST" finished-at="2020-11-18T21:51:07 CST">
          <reporter-output>
          </reporter-output>
        </test-method> <!-- login -->
        <test-method status="PASS" signature="searchReport()[pri:0, instance:com.webtest.demo.XinHu@5e853265]" name="searchReport" duration-ms="6604" started-at="2020-11-18T21:51:07 CST" finished-at="2020-11-18T21:51:13 CST">
          <reporter-output>
          </reporter-output>
        </test-method> <!-- searchReport -->
        <test-method status="PASS" signature="login()[pri:0, instance:com.webtest.demo.XinHu@5e853265]" name="login" is-config="true" duration-ms="5260" started-at="2020-11-18T21:51:13 CST" finished-at="2020-11-18T21:51:19 CST">
          <reporter-output>
          </reporter-output>
        </test-method> <!-- login -->
        <test-method status="PASS" signature="sendMail()[pri:0, instance:com.webtest.demo.XinHu@5e853265]" name="sendMail" duration-ms="23970" started-at="2020-11-18T21:51:19 CST" finished-at="2020-11-18T21:51:43 CST">
          <reporter-output>
          </reporter-output>
        </test-method> <!-- sendMail -->
        <test-method status="PASS" signature="login()[pri:0, instance:com.webtest.demo.XinHu@5e853265]" name="login" is-config="true" duration-ms="5226" started-at="2020-11-18T21:51:43 CST" finished-at="2020-11-18T21:51:48 CST">
          <reporter-output>
          </reporter-output>
        </test-method> <!-- login -->
        <test-method status="PASS" signature="readedMail()[pri:0, instance:com.webtest.demo.XinHu@5e853265]" name="readedMail" duration-ms="8803" started-at="2020-11-18T21:51:48 CST" depends-on-methods="com.webtest.demo.XinHu.sendMail" finished-at="2020-11-18T21:51:57 CST">
          <reporter-output>
          </reporter-output>
        </test-method> <!-- readedMail -->
        <test-method status="PASS" signature="login()[pri:0, instance:com.webtest.demo.XinHu@5e853265]" name="login" is-config="true" duration-ms="5232" started-at="2020-11-18T21:51:57 CST" finished-at="2020-11-18T21:52:02 CST">
          <reporter-output>
          </reporter-output>
        </test-method> <!-- login -->
        <test-method status="PASS" signature="deleteMail()[pri:0, instance:com.webtest.demo.XinHu@5e853265]" name="deleteMail" duration-ms="9012" started-at="2020-11-18T21:52:02 CST" depends-on-methods="com.webtest.demo.XinHu.readedMail" finished-at="2020-11-18T21:52:11 CST">
          <reporter-output>
          </reporter-output>
        </test-method> <!-- deleteMail -->
        <test-method status="PASS" signature="login()[pri:0, instance:com.webtest.demo.XinHu@5e853265]" name="login" is-config="true" duration-ms="5239" started-at="2020-11-18T21:52:11 CST" finished-at="2020-11-18T21:52:16 CST">
          <reporter-output>
          </reporter-output>
        </test-method> <!-- login -->
        <test-method status="PASS" signature="sendMessage()[pri:0, instance:com.webtest.demo.XinHu@5e853265]" name="sendMessage" duration-ms="13419" started-at="2020-11-18T21:52:16 CST" finished-at="2020-11-18T21:52:29 CST">
          <reporter-output>
          </reporter-output>
        </test-method> <!-- sendMessage -->
        <test-method status="PASS" signature="login()[pri:0, instance:com.webtest.demo.XinHu@5e853265]" name="login" is-config="true" duration-ms="5236" started-at="2020-11-18T21:52:29 CST" finished-at="2020-11-18T21:52:35 CST">
          <reporter-output>
          </reporter-output>
        </test-method> <!-- login -->
        <test-method status="PASS" signature="subscribe()[pri:0, instance:com.webtest.demo.XinHu@5e853265]" name="subscribe" duration-ms="6840" started-at="2020-11-18T21:52:35 CST" finished-at="2020-11-18T21:52:42 CST">
          <reporter-output>
          </reporter-output>
        </test-method> <!-- subscribe -->
        <test-method status="PASS" signature="login()[pri:0, instance:com.webtest.demo.XinHu@5e853265]" name="login" is-config="true" duration-ms="5232" started-at="2020-11-18T21:52:42 CST" finished-at="2020-11-18T21:52:47 CST">
          <reporter-output>
          </reporter-output>
        </test-method> <!-- login -->
        <test-method status="PASS" signature="addNotice()[pri:2, instance:com.webtest.demo.XinHu@5e853265]" name="addNotice" duration-ms="15183" started-at="2020-11-18T21:52:47 CST" finished-at="2020-11-18T21:53:02 CST">
          <reporter-output>
          </reporter-output>
        </test-method> <!-- addNotice -->
        <test-method status="PASS" signature="login()[pri:0, instance:com.webtest.demo.XinHu@5e853265]" name="login" is-config="true" duration-ms="5216" started-at="2020-11-18T21:53:02 CST" finished-at="2020-11-18T21:53:07 CST">
          <reporter-output>
          </reporter-output>
        </test-method> <!-- login -->
        <test-method status="PASS" signature="editNotice()[pri:2, instance:com.webtest.demo.XinHu@5e853265]" name="editNotice" duration-ms="13088" started-at="2020-11-18T21:53:07 CST" finished-at="2020-11-18T21:53:20 CST">
          <reporter-output>
          </reporter-output>
        </test-method> <!-- editNotice -->
        <test-method status="PASS" signature="login()[pri:0, instance:com.webtest.demo.XinHu@5e853265]" name="login" is-config="true" duration-ms="5232" started-at="2020-11-18T21:53:20 CST" finished-at="2020-11-18T21:53:26 CST">
          <reporter-output>
          </reporter-output>
        </test-method> <!-- login -->
        <test-method status="PASS" signature="readedNotice()[pri:3, instance:com.webtest.demo.XinHu@5e853265]" name="readedNotice" duration-ms="9839" started-at="2020-11-18T21:53:26 CST" finished-at="2020-11-18T21:53:35 CST">
          <reporter-output>
          </reporter-output>
        </test-method> <!-- readedNotice -->
        <test-method status="PASS" signature="doAfterMethod()[pri:0, instance:com.webtest.demo.XinHu@5e853265]" name="doAfterMethod" is-config="true" duration-ms="1177" started-at="2020-11-18T21:53:35 CST" finished-at="2020-11-18T21:53:37 CST">
          <reporter-output>
          </reporter-output>
        </test-method> <!-- doAfterMethod -->
      </class> <!-- com.webtest.demo.XinHu -->
    </test> <!-- Default test -->
  </suite> <!-- Default suite -->
</testng-results>
