<?xml version="1.0" encoding="UTF-8"?>
<!-- Generated by org.testng.reporters.JUnitXMLReporter -->
<testsuite hostname="DESKTOP-LSIEJKN" ignored="0" name="Default test" tests="50" failures="0" timestamp="2020-11-18T21:53:37 CST" time="851.358" errors="0">
  <testcase name="addGroup" time="10.255" classname="com.webtest.demo.XinHu"/>
  <testcase name="addPerson" time="15.36" classname="com.webtest.demo.XinHu"/>
  <testcase name="addPic" time="13.457" classname="com.webtest.demo.XinHu"/>
  <testcase name="addReport" time="21.401" classname="com.webtest.demo.XinHu"/>
  <testcase name="addSchedule" time="9.858" classname="com.webtest.demo.XinHu"/>
  <testcase name="closePage" time="16.433" classname="com.webtest.demo.XinHu"/>
  <testcase name="commentInfo" time="13.4" classname="com.webtest.demo.XinHu"/>
  <testcase name="commentNotice" time="10.127" classname="com.webtest.demo.XinHu"/>
  <testcase name="commentReport" time="16.374" classname="com.webtest.demo.XinHu"/>
  <testcase name="commentSchedule" time="13.345" classname="com.webtest.demo.XinHu"/>
  <testcase name="deleteFile" time="12.303" classname="com.webtest.demo.XinHu"/>
  <testcase name="deleteGroup" time="11.249" classname="com.webtest.demo.XinHu"/>
  <testcase name="deleteNotice" time="10.087" classname="com.webtest.demo.XinHu"/>
  <testcase name="deleteRelation" time="10.34" classname="com.webtest.demo.XinHu"/>
  <testcase name="deleteSchedule" time="13.309" classname="com.webtest.demo.XinHu"/>
  <testcase name="deleteWork" time="13.345" classname="com.webtest.demo.XinHu"/>
  <testcase name="editGroup" time="7.409" classname="com.webtest.demo.XinHu"/>
  <testcase name="editInfo" time="17.398" classname="com.webtest.demo.XinHu"/>
  <testcase name="editSchedule" time="16.337" classname="com.webtest.demo.XinHu"/>
  <testcase name="exportAllNotice" time="6.81" classname="com.webtest.demo.XinHu"/>
  <testcase name="exportAllSchedule" time="10.026" classname="com.webtest.demo.XinHu"/>
  <testcase name="exportAllSub" time="9.84" classname="com.webtest.demo.XinHu"/>
  <testcase name="exportSchedule" time="3.568" classname="com.webtest.demo.XinHu"/>
  <testcase name="exportThisPageNotice" time="6.806" classname="com.webtest.demo.XinHu"/>
  <testcase name="exportThisPageSchedule" time="10.048" classname="com.webtest.demo.XinHu"/>
  <testcase name="exportThisPageSub" time="9.832" classname="com.webtest.demo.XinHu"/>
  <testcase name="lookDetails" time="10.091" classname="com.webtest.demo.XinHu"/>
  <testcase name="lookDetailsNewWindow" time="9.366" classname="com.webtest.demo.XinHu"/>
  <testcase name="lookMoneyDetails" time="10.128" classname="com.webtest.demo.XinHu"/>
  <testcase name="lookNotice" time="9.873" classname="com.webtest.demo.XinHu"/>
  <testcase name="lookNoticeNewWindow" time="9.09" classname="com.webtest.demo.XinHu"/>
  <testcase name="lookReportDetails" time="16.117" classname="com.webtest.demo.XinHu"/>
  <testcase name="lookReportDetailsNewWindow" time="15.329" classname="com.webtest.demo.XinHu"/>
  <testcase name="lookScheduleDetails" time="13.119" classname="com.webtest.demo.XinHu"/>
  <testcase name="lookScheduleDetailsNewWindow" time="10.353" classname="com.webtest.demo.XinHu"/>
  <testcase name="refreshGroup" time="6.771" classname="com.webtest.demo.XinHu"/>
  <testcase name="refreshPage" time="3.813" classname="com.webtest.demo.XinHu"/>
  <testcase name="refreshPage1" time="16.549" classname="com.webtest.demo.XinHu"/>
  <testcase name="sayReport" time="16.403" classname="com.webtest.demo.XinHu"/>
  <testcase name="seachInfo" time="6.863" classname="com.webtest.demo.XinHu"/>
  <testcase name="searchFile" time="5.815" classname="com.webtest.demo.XinHu"/>
  <testcase name="searchReport" time="6.604" classname="com.webtest.demo.XinHu"/>
  <testcase name="sendMail" time="23.97" classname="com.webtest.demo.XinHu"/>
  <testcase name="readedMail" time="8.803" classname="com.webtest.demo.XinHu"/>
  <testcase name="deleteMail" time="9.012" classname="com.webtest.demo.XinHu"/>
  <testcase name="sendMessage" time="13.419" classname="com.webtest.demo.XinHu"/>
  <testcase name="subscribe" time="6.84" classname="com.webtest.demo.XinHu"/>
  <testcase name="addNotice" time="15.183" classname="com.webtest.demo.XinHu"/>
  <testcase name="editNotice" time="13.088" classname="com.webtest.demo.XinHu"/>
  <testcase name="readedNotice" time="9.839" classname="com.webtest.demo.XinHu"/>
</testsuite> <!-- Default test -->
